This is pdfTeX, Version 3.1415926-2.5-1.40.14 (TeX Live 2013) (format=pdflatex 2017.10.5)  11 APR 2018 10:08
entering extended mode
 restricted \write18 enabled.
 %&-line parsing enabled.
**Paper_1.tex
(./Paper_1.tex
LaTeX2e <2011/06/27>
Babel <v3.8m> and hyphenation patterns for english, dumylang, nohyphenation, lo
aded.
(/usr/share/texlive/texmf-dist/tex/latex/base/article.cls
Document Class: article 2007/10/19 v1.4h Standard LaTeX document class
(/usr/share/texlive/texmf-dist/tex/latex/base/size10.clo
File: size10.clo 2007/10/19 v1.4h Standard LaTeX file (size option)
)
\c@part=\count79
\c@section=\count80
\c@subsection=\count81
\c@subsubsection=\count82
\c@paragraph=\count83
\c@subparagraph=\count84
\c@figure=\count85
\c@table=\count86
\abovecaptionskip=\skip41
\belowcaptionskip=\skip42
\bibindent=\dimen102
) (./scicite.sty
LaTeX Info: Redefining \cite on input line 160.
LaTeX Info: Redefining \nocite on input line 227.
Package: scicite 2003/11/04  v 4.01
)
(/usr/share/texlive/texmf-dist/tex/latex/psnfss/times.sty
Package: times 2005/04/12 PSNFSS-v9.2a (SPQR) 
)
(/usr/share/texlive/texmf-dist/tex/latex/graphics/graphicx.sty
Package: graphicx 1999/02/16 v1.0f Enhanced LaTeX Graphics (DPC,SPQR)

(/usr/share/texlive/texmf-dist/tex/latex/graphics/keyval.sty
Package: keyval 1999/03/16 v1.13 key=value parser (DPC)
\KV@toks@=\toks14
)
(/usr/share/texlive/texmf-dist/tex/latex/graphics/graphics.sty
Package: graphics 2009/02/05 v1.0o Standard LaTeX Graphics (DPC,SPQR)

(/usr/share/texlive/texmf-dist/tex/latex/graphics/trig.sty
Package: trig 1999/03/16 v1.09 sin cos tan (DPC)
)
(/usr/share/texlive/texmf-dist/tex/latex/latexconfig/graphics.cfg
File: graphics.cfg 2010/04/23 v1.9 graphics configuration of TeX Live
)
Package graphics Info: Driver file: pdftex.def on input line 91.

(/usr/share/texlive/texmf-dist/tex/latex/pdftex-def/pdftex.def
File: pdftex.def 2011/05/27 v0.06d Graphics/color for pdfTeX

(/usr/share/texlive/texmf-dist/tex/generic/oberdiek/infwarerr.sty
Package: infwarerr 2010/04/08 v1.3 Providing info/warning/error messages (HO)
)
(/usr/share/texlive/texmf-dist/tex/generic/oberdiek/ltxcmds.sty
Package: ltxcmds 2011/11/09 v1.22 LaTeX kernel commands for general use (HO)
)
\Gread@gobject=\count87
))
\Gin@req@height=\dimen103
\Gin@req@width=\dimen104
)
(/usr/share/texlive/texmf-dist/tex/latex/adjustbox/adjustbox.sty
Package: adjustbox 2012/05/21 v1.0 Adjusting TeX boxes (trim, clip, ...)

(/usr/share/texlive/texmf-dist/tex/latex/xkeyval/xkeyval.sty
Package: xkeyval 2012/10/14 v2.6b package option processing (HA)

(/usr/share/texlive/texmf-dist/tex/generic/xkeyval/xkeyval.tex
\XKV@toks=\toks15
\XKV@tempa@toks=\toks16
\XKV@depth=\count88
File: xkeyval.tex 2012/10/14 v2.6b key=value parser (HA)
))
(/usr/share/texlive/texmf-dist/tex/latex/adjustbox/adjcalc.sty
Package: adjcalc 2012/05/16 v1.1 Provides advanced setlength with multiple back
-ends (calc, etex, pgfmath)
)
(/usr/share/texlive/texmf-dist/tex/latex/adjustbox/trimclip.sty
Package: trimclip 2012/05/16 v1.0 Trim and clip general TeX material

(/usr/share/texlive/texmf-dist/tex/latex/collectbox/collectbox.sty
Package: collectbox 2012/05/17 v0.4b Collect macro arguments as boxes
\collectedbox=\box26
)
\tc@llx=\dimen105
\tc@lly=\dimen106
\tc@urx=\dimen107
\tc@ury=\dimen108
Package trimclip Info: Using driver 'tc-pdftex.def'.

(/usr/share/texlive/texmf-dist/tex/latex/adjustbox/tc-pdftex.def
File: tc-pdftex.def 2012/05/13 v1.0 Clipping driver for pdftex
))
\adjbox@Width=\dimen109
\adjbox@Height=\dimen110
\adjbox@Depth=\dimen111
\adjbox@Totalheight=\dimen112

(/usr/share/texlive/texmf-dist/tex/latex/ifoddpage/ifoddpage.sty
Package: ifoddpage 2011/09/13 v1.0 Conditionals for odd/even page detection
\c@checkoddpage=\count89
)
(/usr/share/texlive/texmf-dist/tex/latex/varwidth/varwidth.sty
Package: varwidth 2009/03/30 ver 0.92;  Variable-width minipages
\@vwid@box=\box27
\sift@deathcycles=\count90
\@vwid@loff=\dimen113
\@vwid@roff=\dimen114
))
(/usr/share/texlive/texmf-dist/tex/latex/graphics/lscape.sty
Package: lscape 2000/10/22 v3.01 Landscape Pages (DPC)
)
(/usr/share/texlive/texmf-dist/tex/latex/booktabs/booktabs.sty
Package: booktabs 2005/04/14 v1.61803 publication quality tables
\heavyrulewidth=\dimen115
\lightrulewidth=\dimen116
\cmidrulewidth=\dimen117
\belowrulesep=\dimen118
\belowbottomsep=\dimen119
\aboverulesep=\dimen120
\abovetopsep=\dimen121
\cmidrulesep=\dimen122
\cmidrulekern=\dimen123
\defaultaddspace=\dimen124
\@cmidla=\count91
\@cmidlb=\count92
\@aboverulesep=\dimen125
\@belowrulesep=\dimen126
\@thisruleclass=\count93
\@lastruleclass=\count94
\@thisrulewidth=\dimen127
)
(/usr/share/texlive/texmf-dist/tex/latex/multirow/multirow.sty
\bigstrutjot=\dimen128
)
(/usr/share/texlive/texmf-dist/tex/latex/siunitx/siunitx.sty
(/usr/share/texlive/texmf-dist/tex/latex/l3kernel/expl3.sty
(/usr/share/texlive/texmf-dist/tex/latex/l3kernel/l3names.sty
(/usr/share/texlive/texmf-dist/tex/latex/l3kernel/l3bootstrap.sty
Package: l3bootstrap 2013/01/08 v4420 L3 Experimental bootstrap code
)
Package: l3names 2012/12/07 v4346 L3 Namespace for primitives
)
(/usr/share/texlive/texmf-dist/tex/latex/etex-pkg/etex.sty
Package: etex 1998/03/26 v2.0 eTeX basic definition package (PEB)
\et@xins=\count95
)
Package: expl3 2013/03/14 v4469 L3 Experimental code bundle wrapper

(/usr/share/texlive/texmf-dist/tex/latex/l3kernel/l3basics.sty
Package: l3basics 2013/01/10 v4428 L3 Basic definitions
)
(/usr/share/texlive/texmf-dist/tex/latex/l3kernel/l3expan.sty
Package: l3expan 2013/02/03 v4458 L3 Argument expansion
)
(/usr/share/texlive/texmf-dist/tex/latex/l3kernel/l3tl.sty
Package: l3tl 2013/01/08 v4415 L3 Token lists
)
(/usr/share/texlive/texmf-dist/tex/latex/l3kernel/l3seq.sty
Package: l3seq 2013/01/12 v4434 L3 Sequences and stacks
)
(/usr/share/texlive/texmf-dist/tex/latex/l3kernel/l3int.sty
Package: l3int 2013/01/13 v4444 L3 Integers
\c_max_int=\count96
\l_tmpa_int=\count97
\l_tmpb_int=\count98
\g_tmpa_int=\count99
\g_tmpb_int=\count100
)
(/usr/share/texlive/texmf-dist/tex/latex/l3kernel/l3quark.sty
Package: l3quark 2012/11/04 v4268 L3 Quarks
)
(/usr/share/texlive/texmf-dist/tex/latex/l3kernel/l3prg.sty
Package: l3prg 2013/02/13 v4459 L3 Control structures
\g__prg_map_int=\count101
)
(/usr/share/texlive/texmf-dist/tex/latex/l3kernel/l3clist.sty
Package: l3clist 2013/01/08 v4414 L3 Comma separated lists
)
(/usr/share/texlive/texmf-dist/tex/latex/l3kernel/l3token.sty
Package: l3token 2013/01/10 v4428 L3 Experimental token manipulation
)
(/usr/share/texlive/texmf-dist/tex/latex/l3kernel/l3prop.sty
Package: l3prop 2013/01/09 v4423 L3 Property lists
)
(/usr/share/texlive/texmf-dist/tex/latex/l3kernel/l3msg.sty
Package: l3msg 2013/01/08 v4412 L3 Messages
)
(/usr/share/texlive/texmf-dist/tex/latex/l3kernel/l3file.sty
Package: l3file 2013/01/14 v4446 L3 File and I/O operations
\l_iow_line_count_int=\count102
\l__iow_target_count_int=\count103
\l__iow_current_line_int=\count104
\l__iow_current_word_int=\count105
\l__iow_current_indentation_int=\count106
)
(/usr/share/texlive/texmf-dist/tex/latex/l3kernel/l3skip.sty
Package: l3skip 2013/01/13 v4444 L3 Dimensions and skips
\c_zero_dim=\dimen129
\c_max_dim=\dimen130
\l_tmpa_dim=\dimen131
\l_tmpb_dim=\dimen132
\g_tmpa_dim=\dimen133
\g_tmpb_dim=\dimen134
\c_zero_skip=\skip43
\c_max_skip=\skip44
\l_tmpa_skip=\skip45
\l_tmpb_skip=\skip46
\g_tmpa_skip=\skip47
\g_tmpb_skip=\skip48
\c_zero_muskip=\muskip10
\c_max_muskip=\muskip11
\l_tmpa_muskip=\muskip12
\l_tmpb_muskip=\muskip13
\g_tmpa_muskip=\muskip14
\g_tmpb_muskip=\muskip15
)
(/usr/share/texlive/texmf-dist/tex/latex/l3kernel/l3keys.sty
Package: l3keys 2013/02/24 v4461 L3 Experimental key-value interfaces
\g__keyval_level_int=\count107
\l_keys_choice_int=\count108
)
(/usr/share/texlive/texmf-dist/tex/latex/l3kernel/l3fp.sty
Package: l3fp 2013/01/19 v4449 L3 Floating points
\c__fp_leading_shift_int=\count109
\c__fp_middle_shift_int=\count110
\c__fp_trailing_shift_int=\count111
\c__fp_big_leading_shift_int=\count112
\c__fp_big_middle_shift_int=\count113
\c__fp_big_trailing_shift_int=\count114
\c__fp_Bigg_leading_shift_int=\count115
\c__fp_Bigg_middle_shift_int=\count116
\c__fp_Bigg_trailing_shift_int=\count117
)
(/usr/share/texlive/texmf-dist/tex/latex/l3kernel/l3box.sty
Package: l3box 2013/01/08 v4411 L3 Experimental boxes
\c_empty_box=\box28
\l_tmpa_box=\box29
\l_tmpb_box=\box30
\g_tmpa_box=\box31
\g_tmpb_box=\box32
)
(/usr/share/texlive/texmf-dist/tex/latex/l3kernel/l3coffins.sty
Package: l3coffins 2012/09/09 v4212 L3 Coffin code layer
\l__coffin_internal_box=\box33
\l__coffin_internal_dim=\dimen135
\l__coffin_offset_x_dim=\dimen136
\l__coffin_offset_y_dim=\dimen137
\l__coffin_x_dim=\dimen138
\l__coffin_y_dim=\dimen139
\l__coffin_x_prime_dim=\dimen140
\l__coffin_y_prime_dim=\dimen141
\c_empty_coffin=\box34
\l__coffin_aligned_coffin=\box35
\l__coffin_aligned_internal_coffin=\box36
\l_tmpa_coffin=\box37
\l_tmpb_coffin=\box38
\l__coffin_display_coffin=\box39
\l__coffin_display_coord_coffin=\box40
\l__coffin_display_pole_coffin=\box41
\l__coffin_display_offset_dim=\dimen142
\l__coffin_display_x_dim=\dimen143
\l__coffin_display_y_dim=\dimen144
)
(/usr/share/texlive/texmf-dist/tex/latex/l3kernel/l3color.sty
Package: l3color 2012/08/29 v4156 L3 Experimental color support
)
(/usr/share/texlive/texmf-dist/tex/latex/l3kernel/l3luatex.sty
Package: l3luatex 2012/08/03 v4049 L3 Experimental LuaTeX-specific functions
\g__cctab_allocate_int=\count118
\g__cctab_stack_int=\count119
)
(/usr/share/texlive/texmf-dist/tex/latex/l3kernel/l3candidates.sty
Package: l3candidates 2013/03/14 v4468 L3 Experimental additions to l3kernel
\l__box_top_dim=\dimen145
\l__box_bottom_dim=\dimen146
\l__box_left_dim=\dimen147
\l__box_right_dim=\dimen148
\l__box_top_new_dim=\dimen149
\l__box_bottom_new_dim=\dimen150
\l__box_left_new_dim=\dimen151
\l__box_right_new_dim=\dimen152
\l__box_internal_box=\box42
\l__coffin_bounding_shift_dim=\dimen153
\l__coffin_left_corner_dim=\dimen154
\l__coffin_right_corner_dim=\dimen155
\l__coffin_bottom_corner_dim=\dimen156
\l__coffin_top_corner_dim=\dimen157
\l__coffin_scaled_total_height_dim=\dimen158
\l__coffin_scaled_width_dim=\dimen159
)
(/usr/share/texlive/texmf-dist/tex/generic/oberdiek/ifpdf.sty
Package: ifpdf 2011/01/30 v2.3 Provides the ifpdf switch (HO)
Package ifpdf Info: pdfTeX in PDF mode is detected.
))
(/usr/share/texlive/texmf-dist/tex/latex/l3packages/xparse/xparse.sty
Package: xparse 2013/03/12 v4467 L3 Experimental document command parser
\l__xparse_current_arg_int=\count120
\l__xparse_m_args_int=\count121
\l__xparse_mandatory_args_int=\count122
\l__xparse_processor_int=\count123
\l__xparse_v_nesting_int=\count124
)
Package: siunitx 2013/03/11 v2.5q A comprehensive (SI) units package

(/usr/share/texlive/texmf-dist/tex/latex/amsmath/amstext.sty
Package: amstext 2000/06/29 v2.01

(/usr/share/texlive/texmf-dist/tex/latex/amsmath/amsgen.sty
File: amsgen.sty 1999/11/30 v2.0
\@emptytoks=\toks17
\ex@=\dimen160
))
(/usr/share/texlive/texmf-dist/tex/latex/tools/array.sty
Package: array 2008/09/09 v2.4c Tabular extension package (FMi)
\col@sep=\dimen161
\extrarowheight=\dimen162
\NC@list=\toks18
\extratabsurround=\skip49
\backup@length=\skip50
)
(/usr/share/texlive/texmf-dist/tex/latex/l3packages/l3keys2e/l3keys2e.sty
Package: l3keys2e 2013/03/12 v4467 LaTeX2e option processing using LaTeX3 keys
)
Variant \tl_if_blank:VTF already defined; not changing it on line 50
\l__siunitx_tmp_box=\box43
\l__siunitx_tmp_dim=\dimen163
\l__siunitx_tmp_int=\count125
Variant \prop_get:NVNT already defined; not changing it on line 371
Variant \prop_get:NVNF already defined; not changing it on line 372
Variant \prop_get:NVNTF already defined; not changing it on line 373
\l__siunitx_number_mantissa_length_int=\count126
\l__siunitx_number_uncert_length_int=\count127
\l__siunitx_round_int=\count128
\l__siunitx_process_decimal_int=\count129
\l__siunitx_process_uncertainty_int=\count130
\l__siunitx_process_fixed_int=\count131
\l__siunitx_process_integer_min_int=\count132
\l__siunitx_process_precision_int=\count133
\l__siunitx_group_min_int=\count134
\l__siunitx_angle_marker_box=\box44
\l__siunitx_angle_unit_box=\box45
\l__siunitx_angle_marker_dim=\dimen164
\l__siunitx_angle_unit_dim=\dimen165
\l__siunitx_unit_int=\count135
\l__siunitx_unit_denominator_int=\count136
\l__siunitx_unit_numerator_int=\count137
\l__siunitx_unit_prefix_int=\count138
\l__siunitx_unit_prefix_base_int=\count139
\l__siunitx_unit_prefix_gram_int=\count140
\l__siunitx_number_product_int=\count141
\c__siunitx_one_fill_skip=\skip51
\l__siunitx_table_unit_align_skip=\skip52
\l__siunitx_table_exponent_dim=\dimen166
\l__siunitx_table_integer_dim=\dimen167
\l__siunitx_table_mantissa_dim=\dimen168
\l__siunitx_table_marker_dim=\dimen169
\l__siunitx_table_result_dim=\dimen170
\l__siunitx_table_uncert_dim=\dimen171
\l__siunitx_table_fill_pre_dim=\dimen172
\l__siunitx_table_fill_post_dim=\dimen173
\l__siunitx_table_fill_mid_dim=\dimen174
\l__siunitx_table_pre_box=\box46
\l__siunitx_table_post_box=\box47
\l__siunitx_table_mantissa_box=\box48
\l__siunitx_table_result_box=\box49
\l__siunitx_table_number_align_skip=\skip53
\l__siunitx_table_text_align_skip=\skip54
.................................................
. LaTeX info: "xparse/define-command"
. 
. Defining document command \DeclareBinaryPrefix with arg. spec. 'mmm' on line
. 7101.
.................................................
.................................................
. LaTeX info: "xparse/define-command"
. 
. Defining document command \DeclareSIPostPower with arg. spec. 'mm' on line
. 7104.
.................................................
.................................................
. LaTeX info: "xparse/define-command"
. 
. Defining document command \DeclareSIPrefix with arg. spec. 'mmm' on line
. 7107.
.................................................
.................................................
. LaTeX info: "xparse/define-command"
. 
. Defining document command \DeclareSIPrePower with arg. spec. 'mm' on line
. 7110.
.................................................
.................................................
. LaTeX info: "xparse/define-command"
. 
. Defining document command \DeclareSIQualifier with arg. spec. 'mm' on line
. 7113.
.................................................
.................................................
. LaTeX info: "xparse/define-command"
. 
. Defining document command \DeclareSIUnit with arg. spec. 'O{}mm' on line
. 7116.
.................................................
.................................................
. LaTeX info: "xparse/define-command"
. 
. Defining document command \DeclareSIUnitWithOptions with arg. spec. 'mmm' on
. line 7119.
.................................................
.................................................
. LaTeX info: "xparse/define-command"
. 
. Defining document command \ang with arg. spec. 'o>{\SplitArgument {2}{;}}m'
. on line 7134.
.................................................
.................................................
. LaTeX info: "xparse/define-command"
. 
. Defining document command \num with arg. spec. 'om' on line 7142.
.................................................
.................................................
. LaTeX info: "xparse/define-command"
. 
. Defining document command \numlist with arg. spec. 'o>{\SplitList {;}}m' on
. line 7150.
.................................................
.................................................
. LaTeX info: "xparse/define-command"
. 
. Defining document command \numrange with arg. spec. 'omm' on line 7158.
.................................................
.................................................
. LaTeX info: "xparse/define-command"
. 
. Defining document command \SIlist with arg. spec. 'o>{\SplitList {;}}mm' on
. line 7169.
.................................................
.................................................
. LaTeX info: "xparse/define-command"
. 
. Defining document command \SIrange with arg. spec. 'ommm' on line 7180.
.................................................
.................................................
. LaTeX info: "xparse/define-command"
. 
. Defining document command \SI with arg. spec. 'omom' on line 7191.
.................................................
.................................................
. LaTeX info: "xparse/define-command"
. 
. Defining document command \sisetup with arg. spec. 'm' on line 7194.
.................................................
.................................................
. LaTeX info: "xparse/define-command"
. 
. Defining document command \tablenum with arg. spec. 'om' on line 7206.
.................................................
.................................................
. LaTeX info: "xparse/define-command"
. 
. Defining document command \si with arg. spec. 'om' on line 7217.
.................................................
.................................................
. LaTeX info: "xparse/define-command"
. 
. Defining document command \__siunitx_bookmark_num:w with arg. spec. 'om' on
. line 7262.
.................................................
.................................................
. LaTeX info: "xparse/define-command"
. 
. Defining document command \__siunitx_bookmark_numrange:w with arg. spec.
. 'omm' on line 7264.
.................................................
.................................................
. LaTeX info: "xparse/define-command"
. 
. Defining document command \__siunitx_bookmark_SI:w with arg. spec. 'omom' on
. line 7266.
.................................................
.................................................
. LaTeX info: "xparse/define-command"
. 
. Defining document command \__siunitx_bookmark_SIlist:w with arg. spec. 'omm'
. on line 7268.
.................................................
.................................................
. LaTeX info: "xparse/define-command"
. 
. Defining document command \__siunitx_bookmark_SIrange:w with arg. spec.
. 'ommm' on line 7270.
.................................................
.................................................
. LaTeX info: "xparse/define-command"
. 
. Defining document command \__siunitx_bookmark_si:w with arg. spec. 'om' on
. line 7271.
.................................................
\g__file_internal_ior=\read1

(/usr/share/texlive/texmf-dist/tex/latex/beamer/translator/translator.sty
Package: translator 2010/06/12 ver 1.10

(/usr/share/texlive/texmf-dist/tex/latex/beamer/translator/translator-language-
mappings.tex))) (/usr/share/texlive/texmf-dist/tex/latex/xcolor/xcolor.sty
Package: xcolor 2007/01/21 v2.11 LaTeX color extensions (UK)

(/usr/share/texlive/texmf-dist/tex/latex/latexconfig/color.cfg
File: color.cfg 2007/01/18 v1.5 color configuration of teTeX/TeXLive
)
Package xcolor Info: Driver file: pdftex.def on input line 225.

(/usr/share/texlive/texmf-dist/tex/latex/colortbl/colortbl.sty
Package: colortbl 2012/02/13 v1.0a Color table columns (DPC)
\everycr=\toks19
\minrowclearance=\skip55
)
\rownum=\count142
Package xcolor Info: Model `cmy' substituted by `cmy0' on input line 1337.
Package xcolor Info: Model `hsb' substituted by `rgb' on input line 1341.
Package xcolor Info: Model `RGB' extended on input line 1353.
Package xcolor Info: Model `HTML' substituted by `rgb' on input line 1355.
Package xcolor Info: Model `Hsb' substituted by `hsb' on input line 1356.
Package xcolor Info: Model `tHsb' substituted by `hsb' on input line 1357.
Package xcolor Info: Model `HSB' substituted by `hsb' on input line 1358.
Package xcolor Info: Model `Gray' substituted by `gray' on input line 1359.
Package xcolor Info: Model `wave' substituted by `hsb' on input line 1360.
)
\c@lastnote=\count143
 (./Paper_1.aux

LaTeX Warning: Label `fig:annual_boxplot' multiply defined.

)
\openout1 = `Paper_1.aux'.

LaTeX Font Info:    Checking defaults for OML/cmm/m/it on input line 64.
LaTeX Font Info:    ... okay on input line 64.
LaTeX Font Info:    Checking defaults for T1/cmr/m/n on input line 64.
LaTeX Font Info:    ... okay on input line 64.
LaTeX Font Info:    Checking defaults for OT1/cmr/m/n on input line 64.
LaTeX Font Info:    ... okay on input line 64.
LaTeX Font Info:    Checking defaults for OMS/cmsy/m/n on input line 64.
LaTeX Font Info:    ... okay on input line 64.
LaTeX Font Info:    Checking defaults for OMX/cmex/m/n on input line 64.
LaTeX Font Info:    ... okay on input line 64.
LaTeX Font Info:    Checking defaults for U/cmr/m/n on input line 64.
LaTeX Font Info:    ... okay on input line 64.
LaTeX Font Info:    Try loading font information for OT1+ptm on input line 64.
 (/usr/share/texlive/texmf-dist/tex/latex/psnfss/ot1ptm.fd
File: ot1ptm.fd 2001/06/04 font definitions for OT1/ptm.
)
(/usr/share/texlive/texmf-dist/tex/context/base/supp-pdf.mkii
[Loading MPS to PDF converter (version 2006.09.02).]
\scratchcounter=\count144
\scratchdimen=\dimen175
\scratchbox=\box50
\nofMPsegments=\count145
\nofMParguments=\count146
\everyMPshowfont=\toks20
\MPscratchCnt=\count147
\MPscratchDim=\dimen176
\MPnumerator=\count148
\makeMPintoPDFobject=\count149
\everyMPtoPDFconversion=\toks21
) (/usr/share/texlive/texmf-dist/tex/generic/oberdiek/pdftexcmds.sty
Package: pdftexcmds 2011/11/29 v0.20 Utility functions of pdfTeX for LuaTeX (HO
)

(/usr/share/texlive/texmf-dist/tex/generic/oberdiek/ifluatex.sty
Package: ifluatex 2010/03/01 v1.3 Provides the ifluatex switch (HO)
Package ifluatex Info: LuaTeX not detected.
)
Package pdftexcmds Info: LuaTeX not detected.
Package pdftexcmds Info: \pdf@primitive is available.
Package pdftexcmds Info: \pdf@ifprimitive is available.
Package pdftexcmds Info: \pdfdraftmode found.
)
(/usr/share/texlive/texmf-dist/tex/latex/oberdiek/epstopdf-base.sty
Package: epstopdf-base 2010/02/09 v2.5 Base part for package epstopdf

(/usr/share/texlive/texmf-dist/tex/latex/oberdiek/grfext.sty
Package: grfext 2010/08/19 v1.1 Manage graphics extensions (HO)

(/usr/share/texlive/texmf-dist/tex/generic/oberdiek/kvdefinekeys.sty
Package: kvdefinekeys 2011/04/07 v1.3 Define keys (HO)
))
(/usr/share/texlive/texmf-dist/tex/latex/oberdiek/kvoptions.sty
Package: kvoptions 2011/06/30 v3.11 Key value format for package options (HO)

(/usr/share/texlive/texmf-dist/tex/generic/oberdiek/kvsetkeys.sty
Package: kvsetkeys 2012/04/25 v1.16 Key value parser (HO)

(/usr/share/texlive/texmf-dist/tex/generic/oberdiek/etexcmds.sty
Package: etexcmds 2011/02/16 v1.5 Avoid name clashes with e-TeX commands (HO)
Package etexcmds Info: Could not find \expanded.
(etexcmds)             That can mean that you are not using pdfTeX 1.50 or
(etexcmds)             that some package has redefined \expanded.
(etexcmds)             In the latter case, load this package earlier.
)))
Package grfext Info: Graphics extension search list:
(grfext)             [.png,.pdf,.jpg,.mps,.jpeg,.jbig2,.jb2,.PNG,.PDF,.JPG,.JPE
G,.JBIG2,.JB2,.eps]
(grfext)             \AppendGraphicsExtensions on input line 452.

(/usr/share/texlive/texmf-dist/tex/latex/latexconfig/epstopdf-sys.cfg
File: epstopdf-sys.cfg 2010/07/13 v1.3 Configuration of (r)epstopdf for TeX Liv
e
))
(/usr/share/texlive/texmf-dist/tex/latex/beamer/translator/dicts/translator-bas
ic-dictionary/translator-basic-dictionary-English.dict
Dictionary: translator-basic-dictionary, Language: English 
)
(/usr/share/texlive/texmf-dist/tex/latex/siunitx/config/siunitx-abbreviations.c
fg
File: siunitx-abbreviations.cfg 2013/03/11 v2.5q siunitx: Abbreviated units
)
\c__siunitx_mathsf_int=\count150
LaTeX Font Info:    External font `cmex10' loaded for size
(Font)              <7> on input line 64.
LaTeX Font Info:    External font `cmex10' loaded for size
(Font)              <5> on input line 64.
\c__siunitx_mathtt_int=\count151
LaTeX Font Info:    External font `cmex10' loaded for size
(Font)              <12> on input line 72.
LaTeX Font Info:    External font `cmex10' loaded for size
(Font)              <8> on input line 72.
LaTeX Font Info:    External font `cmex10' loaded for size
(Font)              <6> on input line 72.
LaTeX Font Info:    Font shape `OT1/ptm/bx/n' in size <10> not available
(Font)              Font shape `OT1/ptm/b/n' tried instead on input line 78.
LaTeX Font Info:    Font shape `OT1/ptm/bx/n' in size <7> not available
(Font)              Font shape `OT1/ptm/b/n' tried instead on input line 80.
LaTeX Font Info:    Try loading font information for OT1+pcr on input line 81.
 (/usr/share/texlive/texmf-dist/tex/latex/psnfss/ot1pcr.fd
File: ot1pcr.fd 2001/06/04 font definitions for OT1/pcr.
)
LaTeX Font Info:    Font shape `OT1/pcr/bx/n' in size <10> not available
(Font)              Font shape `OT1/pcr/b/n' tried instead on input line 81.
LaTeX Font Info:    Try loading font information for OMS+pcr on input line 83.

(/usr/share/texlive/texmf-dist/tex/latex/psnfss/omspcr.fd
File: omspcr.fd 
)

LaTeX Font Warning: Font shape `OMS/pcr/bx/n' undefined
(Font)              using `OMS/pcr/m/n' instead
(Font)              for symbol `textbraceleft' on input line 83.

LaTeX Font Info:    Font shape `OMS/pcr/m/n' in size <10> not available
(Font)              Font shape `OMS/cmsy/m/n' tried instead on input line 83.
LaTeX Font Info:    Font shape `OMS/pcr/bx/n' in size <10> not available
(Font)              Font shape `OMS/cmsy/m/n' tried instead on input line 83.
LaTeX Font Info:    Font shape `OT1/ptm/bx/n' in size <14.4> not available
(Font)              Font shape `OT1/ptm/b/n' tried instead on input line 101.
LaTeX Font Info:    Font shape `OT1/ptm/bx/it' in size <10> not available
(Font)              Font shape `OT1/ptm/b/it' tried instead on input line 105.

LaTeX Warning: Citation `HOC2009' on page 1 undefined on input line 105.


LaTeX Warning: Citation `Macintyre2016' on page 1 undefined on input line 106.


LaTeX Warning: Citation `Stedman2004' on page 1 undefined on input line 106.


LaTeX Warning: Citation `Vieno2016' on page 1 undefined on input line 106.


LaTeX Warning: Citation `Abbey1999' on page 1 undefined on input line 106.


Underfull \hbox (badness 10000) in paragraph at lines 104--107

 []

[1

{/usr/share/texlive/texmf-var/fonts/map/pdftex/updmap/pdftex.map}]
LaTeX Font Info:    Font shape `OT1/ptm/bx/n' in size <12> not available
(Font)              Font shape `OT1/ptm/b/n' tried instead on input line 108.


LaTeX Warning: Citation `Polichetti2009' on page 2 undefined on input line 110.



LaTeX Warning: Citation `Raaschou-Nielsen2013' on page 2 undefined on input lin
e 110.


LaTeX Warning: Citation `Atkinson2015' on page 2 undefined on input line 110.


Underfull \hbox (badness 10000) in paragraph at lines 110--111

 []


LaTeX Warning: Citation `Heal2012' on page 2 undefined on input line 112.


LaTeX Warning: Citation `Comeap' on page 2 undefined on input line 112.


LaTeX Warning: Citation `Coemap' on page 2 undefined on input line 112.


Underfull \hbox (badness 10000) in paragraph at lines 112--113

 []

[2]

LaTeX Warning: Citation `Yu2010' on page 3 undefined on input line 114.


LaTeX Warning: Citation `Apte2015' on page 3 undefined on input line 114.


Underfull \hbox (badness 10000) in paragraph at lines 114--115

 []


Underfull \hbox (badness 10000) in paragraph at lines 116--117

 []


LaTeX Warning: Citation `Jones2013' on page 3 undefined on input line 121.


LaTeX Warning: Citation `Compo2011' on page 3 undefined on input line 121.


Underfull \hbox (badness 10000) in paragraph at lines 121--122

 []

[3]

LaTeX Warning: Citation `Lamb1972' on page 4 undefined on input line 169.


LaTeX Warning: Citation `Pope2014' on page 4 undefined on input line 175.


LaTeX Warning: Citation `OHare1995' on page 4 undefined on input line 175.


LaTeX Warning: Citation `Tang2011' on page 4 undefined on input line 175.


Underfull \hbox (badness 10000) in paragraph at lines 175--176

 []

[4]

LaTeX Warning: Citation `AURN_website' on page 5 undefined on input line 178.


Underfull \hbox (badness 10000) in paragraph at lines 178--179

 []


Underfull \hbox (badness 10000) in paragraph at lines 180--181

 []


LaTeX Warning: File `/nfs/see-fs-01_teaching/ee15amg/Paper_1/figures/map_of_sit
es/map_of_sites_numbers.png' not found on input line 259.


! Package pdftex.def Error: File `/nfs/see-fs-01_teaching/ee15amg/Paper_1/figur
es/map_of_sites/map_of_sites_numbers.png' not found.

See the pdftex.def package documentation for explanation.
Type  H <return>  for immediate help.
 ...                                              
                                                  
l.259 ...es/map_of_sites/map_of_sites_numbers.png}
                                                  
Using draft setting for this image.
Try typing  <return>  to proceed.
If that doesn't work, type  X <return>  to quit.


</nfs/see-fs-01_teaching/ee15amg/Paper_1/figures/boxplots/pm25_lwt_annual_data_
check.png, id=27, 867.24pt x 289.08pt>
File: /nfs/see-fs-01_teaching/ee15amg/Paper_1/figures/boxplots/pm25_lwt_annual_
data_check.png Graphic file (type png)

<use /nfs/see-fs-01_teaching/ee15amg/Paper_1/figures/boxplots/pm25_lwt_annual_d
ata_check.png>
Package pdftex.def Info: /nfs/see-fs-01_teaching/ee15amg/Paper_1/figures/boxplo
ts/pm25_lwt_annual_data_check.png used on input line 269.
(pdftex.def)             Requested size: 512.14357pt x 170.71652pt.

</nfs/see-fs-01_teaching/ee15amg/Paper_1/figures/boxplots/monthly_check_lwt_sea
sonal_spring_summer.png, id=29, 433.62pt x 289.08pt>
File: /nfs/see-fs-01_teaching/ee15amg/Paper_1/figures/boxplots/monthly_check_lw
t_seasonal_spring_summer.png Graphic file (type png)

<use /nfs/see-fs-01_teaching/ee15amg/Paper_1/figures/boxplots/monthly_check_lwt
_seasonal_spring_summer.png>
Package pdftex.def Info: /nfs/see-fs-01_teaching/ee15amg/Paper_1/figures/boxplo
ts/monthly_check_lwt_seasonal_spring_summer.png used on input line 275.
(pdftex.def)             Requested size: 256.07178pt x 170.71652pt.

</nfs/see-fs-01_teaching/ee15amg/Paper_1/figures/boxplots/monthly_check_lwt_sea
sonal_autumn_winter.png, id=30, 433.62pt x 289.08pt>
File: /nfs/see-fs-01_teaching/ee15amg/Paper_1/figures/boxplots/monthly_check_lw
t_seasonal_autumn_winter.png Graphic file (type png)

<use /nfs/see-fs-01_teaching/ee15amg/Paper_1/figures/boxplots/monthly_check_lwt
_seasonal_autumn_winter.png>
Package pdftex.def Info: /nfs/see-fs-01_teaching/ee15amg/Paper_1/figures/boxplo
ts/monthly_check_lwt_seasonal_autumn_winter.png used on input line 276.
(pdftex.def)             Requested size: 256.07178pt x 170.71652pt.

Overfull \hbox (58.7995pt too wide) in paragraph at lines 275--277
[][] [] 
 []

[5]
</nfs/see-fs-01_teaching/ee15amg/Paper_1/figures/pm25_conc_maps/Annual_90th_per
centile_lwt_values.png, id=34, 1156.32pt x 1445.4pt>
File: /nfs/see-fs-01_teaching/ee15amg/Paper_1/figures/pm25_conc_maps/Annual_90t
h_percentile_lwt_values.png Graphic file (type png)

<use /nfs/see-fs-01_teaching/ee15amg/Paper_1/figures/pm25_conc_maps/Annual_90th
_percentile_lwt_values.png>
Package pdftex.def Info: /nfs/see-fs-01_teaching/ee15amg/Paper_1/figures/pm25_c
onc_maps/Annual_90th_percentile_lwt_values.png used on input line 302.
(pdftex.def)             Requested size: 500.772pt x 625.96062pt.

Overfull \hbox (45.52792pt too wide) in paragraph at lines 302--303
[][] 
 []


LaTeX Warning: Float too large for page by 52.61766pt on input line 305.


</nfs/see-fs-01_teaching/ee15amg/Paper_1/figures/pm25_conc_maps/Spring_90th_per
centile_values.png, id=35, 1156.32pt x 1445.4pt>
File: /nfs/see-fs-01_teaching/ee15amg/Paper_1/figures/pm25_conc_maps/Spring_90t
h_percentile_values.png Graphic file (type png)

<use /nfs/see-fs-01_teaching/ee15amg/Paper_1/figures/pm25_conc_maps/Spring_90th
_percentile_values.png>
Package pdftex.def Info: /nfs/see-fs-01_teaching/ee15amg/Paper_1/figures/pm25_c
onc_maps/Spring_90th_percentile_values.png used on input line 308.
(pdftex.def)             Requested size: 500.772pt x 625.96062pt.

Overfull \hbox (45.52792pt too wide) in paragraph at lines 308--309
[][] 
 []


LaTeX Warning: Float too large for page by 52.61766pt on input line 310.


</nfs/see-fs-01_teaching/ee15amg/Paper_1/figures/pm25_conc_maps/Summer_90th_per
centile_values.png, id=36, 1156.32pt x 1445.4pt>
File: /nfs/see-fs-01_teaching/ee15amg/Paper_1/figures/pm25_conc_maps/Summer_90t
h_percentile_values.png Graphic file (type png)

<use /nfs/see-fs-01_teaching/ee15amg/Paper_1/figures/pm25_conc_maps/Summer_90th
_percentile_values.png>
Package pdftex.def Info: /nfs/see-fs-01_teaching/ee15amg/Paper_1/figures/pm25_c
onc_maps/Summer_90th_percentile_values.png used on input line 313.
(pdftex.def)             Requested size: 500.772pt x 625.96062pt.

Overfull \hbox (45.52792pt too wide) in paragraph at lines 313--314
[][] 
 []


LaTeX Warning: Float too large for page by 52.61766pt on input line 315.


</nfs/see-fs-01_teaching/ee15amg/Paper_1/figures/pm25_conc_maps/Autumn_90th_per
centile_values.png, id=37, 1156.32pt x 1445.4pt>
File: /nfs/see-fs-01_teaching/ee15amg/Paper_1/figures/pm25_conc_maps/Autumn_90t
h_percentile_values.png Graphic file (type png)

<use /nfs/see-fs-01_teaching/ee15amg/Paper_1/figures/pm25_conc_maps/Autumn_90th
_percentile_values.png>
Package pdftex.def Info: /nfs/see-fs-01_teaching/ee15amg/Paper_1/figures/pm25_c
onc_maps/Autumn_90th_percentile_values.png used on input line 318.
(pdftex.def)             Requested size: 500.772pt x 625.96062pt.

Overfull \hbox (45.52792pt too wide) in paragraph at lines 318--319
[][] 
 []


LaTeX Warning: Float too large for page by 52.61766pt on input line 320.


</nfs/see-fs-01_teaching/ee15amg/Paper_1/figures/pm25_conc_maps/Winter_90th_per
centile_values.png, id=38, 1156.32pt x 1445.4pt>
File: /nfs/see-fs-01_teaching/ee15amg/Paper_1/figures/pm25_conc_maps/Winter_90t
h_percentile_values.png Graphic file (type png)

<use /nfs/see-fs-01_teaching/ee15amg/Paper_1/figures/pm25_conc_maps/Winter_90th
_percentile_values.png>
Package pdftex.def Info: /nfs/see-fs-01_teaching/ee15amg/Paper_1/figures/pm25_c
onc_maps/Winter_90th_percentile_values.png used on input line 323.
(pdftex.def)             Requested size: 500.772pt x 625.96062pt.

Overfull \hbox (45.52792pt too wide) in paragraph at lines 323--324
[][] 
 []


LaTeX Warning: Float too large for page by 52.61766pt on input line 325.


</nfs/see-fs-01_teaching/ee15amg/Paper_1/figures/anomalies/Annual_90th_percenti
le_lwt_anomalies.png, id=39, 1156.32pt x 1445.4pt>
File: /nfs/see-fs-01_teaching/ee15amg/Paper_1/figures/anomalies/Annual_90th_per
centile_lwt_anomalies.png Graphic file (type png)

<use /nfs/see-fs-01_teaching/ee15amg/Paper_1/figures/anomalies/Annual_90th_perc
entile_lwt_anomalies.png>
Package pdftex.def Info: /nfs/see-fs-01_teaching/ee15amg/Paper_1/figures/anomal
ies/Annual_90th_percentile_lwt_anomalies.png used on input line 334.
(pdftex.def)             Requested size: 500.772pt x 625.96062pt.

Overfull \hbox (45.52792pt too wide) in paragraph at lines 334--335
[][] 
 []


LaTeX Warning: Float too large for page by 52.61766pt on input line 336.


</nfs/see-fs-01_teaching/ee15amg/Paper_1/figures/anomalies/Spring_90th_percenti
le_anomalies.png, id=40, 1156.32pt x 1445.4pt>
File: /nfs/see-fs-01_teaching/ee15amg/Paper_1/figures/anomalies/Spring_90th_per
centile_anomalies.png Graphic file (type png)

<use /nfs/see-fs-01_teaching/ee15amg/Paper_1/figures/anomalies/Spring_90th_perc
entile_anomalies.png>
Package pdftex.def Info: /nfs/see-fs-01_teaching/ee15amg/Paper_1/figures/anomal
ies/Spring_90th_percentile_anomalies.png used on input line 340.
(pdftex.def)             Requested size: 500.772pt x 625.96062pt.

Overfull \hbox (45.52792pt too wide) in paragraph at lines 340--341
[][] 
 []


LaTeX Warning: Float too large for page by 52.61766pt on input line 342.


</nfs/see-fs-01_teaching/ee15amg/Paper_1/figures/anomalies/Summer_90th_percenti
le_anomalies.png, id=41, 1156.32pt x 1445.4pt>
File: /nfs/see-fs-01_teaching/ee15amg/Paper_1/figures/anomalies/Summer_90th_per
centile_anomalies.png Graphic file (type png)

<use /nfs/see-fs-01_teaching/ee15amg/Paper_1/figures/anomalies/Summer_90th_perc
entile_anomalies.png>
Package pdftex.def Info: /nfs/see-fs-01_teaching/ee15amg/Paper_1/figures/anomal
ies/Summer_90th_percentile_anomalies.png used on input line 346.
(pdftex.def)             Requested size: 500.772pt x 625.96062pt.

Overfull \hbox (45.52792pt too wide) in paragraph at lines 346--347
[][] 
 []


LaTeX Warning: Float too large for page by 52.61766pt on input line 348.


</nfs/see-fs-01_teaching/ee15amg/Paper_1/figures/anomalies/Autumn_90th_percenti
le_anomalies.png, id=42, 1156.32pt x 1445.4pt>
File: /nfs/see-fs-01_teaching/ee15amg/Paper_1/figures/anomalies/Autumn_90th_per
centile_anomalies.png Graphic file (type png)

<use /nfs/see-fs-01_teaching/ee15amg/Paper_1/figures/anomalies/Autumn_90th_perc
entile_anomalies.png>
Package pdftex.def Info: /nfs/see-fs-01_teaching/ee15amg/Paper_1/figures/anomal
ies/Autumn_90th_percentile_anomalies.png used on input line 351.
(pdftex.def)             Requested size: 500.772pt x 625.96062pt.

Overfull \hbox (45.52792pt too wide) in paragraph at lines 351--352
[][] 
 []


LaTeX Warning: Float too large for page by 52.61766pt on input line 353.


</nfs/see-fs-01_teaching/ee15amg/Paper_1/figures/anomalies/Winter_90th_percenti
le_anomalies.png, id=43, 1156.32pt x 1445.4pt>
File: /nfs/see-fs-01_teaching/ee15amg/Paper_1/figures/anomalies/Winter_90th_per
centile_anomalies.png Graphic file (type png)

<use /nfs/see-fs-01_teaching/ee15amg/Paper_1/figures/anomalies/Winter_90th_perc
entile_anomalies.png>
Package pdftex.def Info: /nfs/see-fs-01_teaching/ee15amg/Paper_1/figures/anomal
ies/Winter_90th_percentile_anomalies.png used on input line 356.
(pdftex.def)             Requested size: 500.772pt x 625.96062pt.

Overfull \hbox (45.52792pt too wide) in paragraph at lines 356--357
[][] 
 []


LaTeX Warning: Float too large for page by 52.61766pt on input line 358.

[6]
Overfull \vbox (5.56598pt too high) has occurred while \output is active []


[7 </nfs/see-fs-01_teaching/ee15amg/Paper_1/figures/boxplots/pm25_lwt_annual_da
ta_check.png>]
LaTeX Font Info:    Try loading font information for OMS+ptm on input line 364.

 (/usr/share/texlive/texmf-dist/tex/latex/psnfss/omsptm.fd
File: omsptm.fd 
)
LaTeX Font Info:    Font shape `OMS/ptm/m/n' in size <10> not available
(Font)              Font shape `OMS/cmsy/m/n' tried instead on input line 364.

[8 </nfs/see-fs-01_teaching/ee15amg/Paper_1/figures/boxplots/monthly_check_lwt_
seasonal_spring_summer.png> </nfs/see-fs-01_teaching/ee15amg/Paper_1/figures/bo
xplots/monthly_check_lwt_seasonal_autumn_winter.png>] [9 </nfs/see-fs-01_teachi
ng/ee15amg/Paper_1/figures/pm25_conc_maps/Annual_90th_percentile_lwt_values.png
>] [10 </nfs/see-fs-01_teaching/ee15amg/Paper_1/figures/pm25_conc_maps/Spring_9
0th_percentile_values.png>] [11 </nfs/see-fs-01_teaching/ee15amg/Paper_1/figure
s/pm25_conc_maps/Summer_90th_percentile_values.png>] [12 </nfs/see-fs-01_teachi
ng/ee15amg/Paper_1/figures/pm25_conc_maps/Autumn_90th_percentile_values.png>]
[13 </nfs/see-fs-01_teaching/ee15amg/Paper_1/figures/pm25_conc_maps/Winter_90th
_percentile_values.png>] [14 </nfs/see-fs-01_teaching/ee15amg/Paper_1/figures/a
nomalies/Annual_90th_percentile_lwt_anomalies.png>] [15 </nfs/see-fs-01_teachin
g/ee15amg/Paper_1/figures/anomalies/Spring_90th_percentile_anomalies.png>]
[16 </nfs/see-fs-01_teaching/ee15amg/Paper_1/figures/anomalies/Summer_90th_perc
entile_anomalies.png>] [17 </nfs/see-fs-01_teaching/ee15amg/Paper_1/figures/ano
malies/Autumn_90th_percentile_anomalies.png>] [18 </nfs/see-fs-01_teaching/ee15
amg/Paper_1/figures/anomalies/Winter_90th_percentile_anomalies.png>] [19]
Missing character: There is no â in font ptmr7t!
Missing character: There is no € in font ptmr7t!
Missing character: There is no “ in font ptmr7t!

[20]
</nfs/see-fs-01_teaching/ee15amg/Paper_1/figures/tables/annual_conc_occurence.p
ng, id=106, 894.34125pt x 128.48pt>
File: /nfs/see-fs-01_teaching/ee15amg/Paper_1/figures/tables/annual_conc_occure
nce.png Graphic file (type png)

<use /nfs/see-fs-01_teaching/ee15amg/Paper_1/figures/tables/annual_conc_occuren
ce.png>
Package pdftex.def Info: /nfs/see-fs-01_teaching/ee15amg/Paper_1/figures/tables
/annual_conc_occurence.png used on input line 412.
(pdftex.def)             Requested size: 594.18361pt x 85.35826pt.

</nfs/see-fs-01_teaching/ee15amg/Paper_1/figures/tables/monthly_conc_occurence.
png, id=107, 895.345pt x 144.54pt>
File: /nfs/see-fs-01_teaching/ee15amg/Paper_1/figures/tables/monthly_conc_occur
ence.png Graphic file (type png)

<use /nfs/see-fs-01_teaching/ee15amg/Paper_1/figures/tables/monthly_conc_occure
nce.png>
Package pdftex.def Info: /nfs/see-fs-01_teaching/ee15amg/Paper_1/figures/tables
/monthly_conc_occurence.png used on input line 417.
(pdftex.def)             Requested size: 528.7408pt x 85.35826pt.

</nfs/see-fs-01_teaching/ee15amg/Paper_1/figures/tables/annual_conc_occurrences
_percent.png, id=108, 1198.4775pt x 141.52875pt>
File: /nfs/see-fs-01_teaching/ee15amg/Paper_1/figures/tables/annual_conc_occurr
ences_percent.png Graphic file (type png)

<use /nfs/see-fs-01_teaching/ee15amg/Paper_1/figures/tables/annual_conc_occurre
nces_percent.png>
Package pdftex.def Info: /nfs/see-fs-01_teaching/ee15amg/Paper_1/figures/tables
/annual_conc_occurrences_percent.png used on input line 423.
(pdftex.def)             Requested size: 722.84094pt x 85.35826pt.

Overfull \hbox (125.33307pt too wide) in paragraph at lines 423--424
[][] 
 []


</nfs/see-fs-01_teaching/ee15amg/Paper_1/figures/tables/monthly_conc_occurrence
s_percent.png, id=109, 1198.4775pt x 141.52875pt>
File: /nfs/see-fs-01_teaching/ee15amg/Paper_1/figures/tables/monthly_conc_occur
rences_percent.png Graphic file (type png)

<use /nfs/see-fs-01_teaching/ee15amg/Paper_1/figures/tables/monthly_conc_occurr
ences_percent.png>
Package pdftex.def Info: /nfs/see-fs-01_teaching/ee15amg/Paper_1/figures/tables
/monthly_conc_occurrences_percent.png used on input line 428.
(pdftex.def)             Requested size: 722.84094pt x 85.35826pt.

Overfull \hbox (125.33307pt too wide) in paragraph at lines 428--429
[][] 
 []


</nfs/see-fs-01_teaching/ee15amg/Paper_1/figures/tables/annual_lwt_conc_occ.png
, id=110, 590.205pt x 163.61125pt>
File: /nfs/see-fs-01_teaching/ee15amg/Paper_1/figures/tables/annual_lwt_conc_oc
c.png Graphic file (type png)

<use /nfs/see-fs-01_teaching/ee15amg/Paper_1/figures/tables/annual_lwt_conc_occ
.png>
Package pdftex.def Info: /nfs/see-fs-01_teaching/ee15amg/Paper_1/figures/tables
/annual_lwt_conc_occ.png used on input line 434.
(pdftex.def)             Requested size: 513.19502pt x 142.26378pt.

</nfs/see-fs-01_teaching/ee15amg/Paper_1/figures/tables/correlation_table.png, 
id=111, 1429.34pt x 176.66pt>
File: /nfs/see-fs-01_teaching/ee15amg/Paper_1/figures/tables/correlation_table.
png Graphic file (type png)

<use /nfs/see-fs-01_teaching/ee15amg/Paper_1/figures/tables/correlation_table.p
ng>
Package pdftex.def Info: /nfs/see-fs-01_teaching/ee15amg/Paper_1/figures/tables
/correlation_table.png used on input line 441.
(pdftex.def)             Requested size: 1151.06343pt x 142.26378pt.

Overfull \hbox (553.55556pt too wide) in paragraph at lines 441--442
[][] 
 []

[21 </nfs/see-fs-01_teaching/ee15amg/Paper_1/figures/tables/annual_conc_occuren
ce.png> </nfs/see-fs-01_teaching/ee15amg/Paper_1/figures/tables/monthly_conc_oc
curence.png> </nfs/see-fs-01_teaching/ee15amg/Paper_1/figures/tables/annual_con
c_occurrences_percent.png>] [22 </nfs/see-fs-01_teaching/ee15amg/Paper_1/figure
s/tables/monthly_conc_occurrences_percent.png> </nfs/see-fs-01_teaching/ee15amg
/Paper_1/figures/tables/annual_lwt_conc_occ.png>] [23 </nfs/see-fs-01_teaching/
ee15amg/Paper_1/figures/tables/correlation_table.png>] [24


]

! LaTeX Error: \begin{document} ended by \end{multicols}.

See the LaTeX manual or LaTeX Companion for explanation.
Type  H <return>  for immediate help.
 ...                                              
                                                  
l.460 \end{multicols}
                     
Your command was ignored.
Type  I <command> <return>  to replace it with another command,
or  <return>  to continue without it.

! Extra \endgroup.
<recently read> \endgroup 
                          
l.460 \end{multicols}
                     
Things are pretty mixed up, but I think the worst is over.


LaTeX Warning: Citation `tth' on page 25 undefined on input line 477.


LaTeX Warning: Citation `use2e' on page 25 undefined on input line 484.


Overfull \hbox (217.75595pt too wide) in paragraph at lines 502--502
 []\OT1/pcr/m/n/10 However, this record of the solar nebula may have been partl
y erased by the complex history of the meteorite[] 
 []

[25]

LaTeX Warning: Citation `inclme' on page 26 undefined on input line 541.


Overfull \hbox (62.7214pt too wide) in paragraph at lines 540--549
\OT1/ptm/m/n/10 pack-age, both of which we are down-load-able from our au-thor 
help site (http://www.sciencemag.org/about/authors/prep/TeX[]help/).
 []

[26]
Overfull \hbox (110.39473pt too wide) in paragraph at lines 562--569
\OT1/pcr/m/n/10 keyname1 \OT1/ptm/m/n/10 and \OT1/pcr/m/n/10 keyname2\OT1/ptm/m
/n/10 , the in-text cite should read []\OT1/pcr/m/n/10 \cite{keyname1,keyname2}
\OT1/ptm/m/n/10 , \OT1/ptm/m/it/10 not []\OT1/pcr/m/n/10 \cite{keyname1, keynam
e2}\OT1/ptm/m/n/10 . 
 []


LaTeX Warning: Citation `nattex' on page 27 undefined on input line 603.

[27] [28] (./Paper_1.bbl) [29] [30

] (./Paper_1.aux)

LaTeX Font Warning: Some font shapes were not available, defaults substituted.


LaTeX Warning: There were undefined references.


LaTeX Warning: There were multiply-defined labels.

 ) 
Here is how much of TeX's memory you used:
 11454 strings out of 495063
 250493 string characters out of 3182201
 249196 words of memory out of 3000000
 14415 multiletter control sequences out of 15000+200000
 28476 words of font info for 62 fonts, out of 3000000 for 9000
 14 hyphenation exceptions out of 8191
 41i,9n,37p,1685b,531s stack positions out of 5000i,500n,10000p,200000b,50000s
{/usr/share/texlive/texmf-dist/fonts/enc/dvips/base/8r.enc}</usr/share/texliv
e/texmf-dist/fonts/type1/public/amsfonts/cm/cmmi10.pfb></usr/share/texlive/texm
f-dist/fonts/type1/public/amsfonts/cm/cmmi7.pfb></usr/share/texlive/texmf-dist/
fonts/type1/public/amsfonts/cm/cmr10.pfb></usr/share/texlive/texmf-dist/fonts/t
ype1/public/amsfonts/cm/cmr7.pfb></usr/share/texlive/texmf-dist/fonts/type1/pub
lic/amsfonts/cm/cmr8.pfb></usr/share/texlive/texmf-dist/fonts/type1/public/amsf
onts/cm/cmsy10.pfb></usr/share/texlive/texmf-dist/fonts/type1/public/amsfonts/c
m/cmsy7.pfb></usr/share/texlive/texmf-dist/fonts/type1/public/amsfonts/cm/cmsy8
.pfb></usr/share/texlive/texmf-dist/fonts/type1/urw/courier/ucrb8a.pfb></usr/sh
are/texlive/texmf-dist/fonts/type1/urw/courier/ucrr8a.pfb></usr/share/texlive/t
exmf-dist/fonts/type1/urw/times/utmb8a.pfb></usr/share/texlive/texmf-dist/fonts
/type1/urw/times/utmbi8a.pfb></usr/share/texlive/texmf-dist/fonts/type1/urw/tim
es/utmr8a.pfb></usr/share/texlive/texmf-dist/fonts/type1/urw/times/utmri8a.pfb>

Output written on Paper_1.pdf (30 pages, 4126760 bytes).
PDF statistics:
 197 PDF objects out of 1000 (max. 8388607)
 111 compressed objects within 2 object streams
 0 named destinations out of 1000 (max. 500000)
 96 words of extra memory for PDF output out of 10000 (max. 10000000)

